\BOOKMARK [1][-]{section.1}{\376\377\000A\000b\000s\000t\000r\000a\000c\000t}{}% 1
\BOOKMARK [1][-]{section.2}{\376\377\000I\000n\000t\000r\000o\000d\000u\000c\000t\000i\000o\000n}{}% 2
\BOOKMARK [2][-]{subsection.2.1}{\376\377\000C\000o\000m\000p\000e\000t\000i\000t\000i\000o\000n\000\040\000O\000v\000e\000r\000v\000i\000e\000w}{section.2}% 3
\BOOKMARK [1][-]{section.3}{\376\377\000P\000r\000o\000d\000u\000c\000t\000\040\000D\000e\000s\000i\000g\000n\000\040\000S\000p\000e\000c\000i\000f\000i\000c\000a\000t\000i\000o\000n}{}% 4
\BOOKMARK [2][-]{subsection.3.1}{\376\377\000D\000i\000m\000e\000n\000s\000i\000o\000n\000a\000l\000\040\000R\000e\000q\000u\000i\000r\000e\000m\000e\000n\000t\000s}{section.3}% 5
\BOOKMARK [2][-]{subsection.3.2}{\376\377\000R\000e\000q\000u\000i\000r\000e\000d\000\040\000C\000o\000m\000p\000o\000n\000e\000n\000t\000s}{section.3}% 6
\BOOKMARK [2][-]{subsection.3.3}{\376\377\000V\000i\000s\000u\000a\000l\000\040\000I\000n\000d\000i\000c\000a\000t\000o\000r\000s}{section.3}% 7
\BOOKMARK [2][-]{subsection.3.4}{\376\377\000T\000e\000c\000h\000n\000i\000c\000a\000l\000\040\000R\000e\000s\000t\000r\000i\000c\000t\000i\000o\000n\000s}{section.3}% 8
\BOOKMARK [1][-]{section.4}{\376\377\000D\000e\000s\000i\000g\000n\000\040\000C\000o\000n\000c\000e\000p\000t\000s}{}% 9
\BOOKMARK [2][-]{subsection.4.1}{\376\377\000D\000e\000s\000i\000g\000n\000\040\000C\000o\000n\000c\000e\000p\000t\000\040\0001}{section.4}% 10
\BOOKMARK [2][-]{subsection.4.2}{\376\377\000D\000e\000s\000i\000g\000n\000\040\000C\000o\000n\000c\000e\000p\000t\000\040\0002}{section.4}% 11
\BOOKMARK [2][-]{subsection.4.3}{\376\377\000D\000e\000s\000i\000g\000n\000\040\000C\000o\000n\000c\000e\000p\000t\000\040\0003}{section.4}% 12
\BOOKMARK [1][-]{section.5}{\376\377\000C\000o\000m\000p\000u\000t\000e\000r\000-\000A\000i\000d\000e\000d\000\040\000D\000e\000s\000i\000g\000n\000\040\000\050\000C\000A\000D\000\051}{}% 13
\BOOKMARK [2][-]{subsection.5.1}{\376\377\000F\000i\000n\000i\000t\000e\000\040\000E\000l\000e\000m\000e\000n\000t\000\040\000A\000n\000a\000l\000y\000s\000i\000s\000\040\000\050\000F\000E\000A\000\051}{section.5}% 14
\BOOKMARK [1][-]{section.6}{\376\377\000E\000l\000e\000c\000t\000r\000o\000n\000i\000c\000s}{}% 15
\BOOKMARK [2][-]{subsection.6.1}{\376\377\000S\000t\000a\000r\000t\000i\000n\000g\000\040\000S\000t\000r\000u\000c\000t\000u\000r\000e}{section.6}% 16
\BOOKMARK [2][-]{subsection.6.2}{\376\377\000P\000r\000i\000o\000r\000i\000t\000i\000z\000i\000n\000g\000\040\000P\000a\000u\000s\000e\000\040\000L\000o\000g\000i\000c}{section.6}% 17
\BOOKMARK [2][-]{subsection.6.3}{\376\377\000D\000i\000r\000e\000c\000t\000i\000o\000n\000\040\000L\000o\000g\000i\000c}{section.6}% 18
\BOOKMARK [3][-]{subsubsection.6.3.1}{\376\377\000B\000u\000t\000t\000o\000n\000-\000B\000a\000s\000e\000d\000\040\000R\000e\000v\000e\000r\000s\000a\000l}{subsection.6.3}% 19
\BOOKMARK [3][-]{subsubsection.6.3.2}{\376\377\000R\000e\000l\000a\000y\000\040\000L\000o\000g\000i\000c}{subsection.6.3}% 20
\BOOKMARK [3][-]{subsubsection.6.3.3}{\376\377\000T\000\040\000F\000l\000i\000p\000-\000F\000l\000o\000p}{subsection.6.3}% 21
\BOOKMARK [2][-]{subsection.6.4}{\376\377\000B\000r\000e\000a\000d\000b\000o\000a\000r\000d\000i\000n\000g}{section.6}% 22
\BOOKMARK [2][-]{subsection.6.5}{\376\377\000F\000i\000n\000a\000l\000\040\000B\000e\000h\000a\000v\000i\000o\000r\000\040\040\023\000\040\000W\000h\000a\000t\000\040\000I\000t\000\040\000A\000c\000t\000u\000a\000l\000l\000y\000\040\000D\000o\000e\000s}{section.6}% 23
\BOOKMARK [2][-]{subsection.6.6}{\376\377\000C\000i\000r\000c\000u\000i\000t\000\040\000D\000i\000a\000g\000r\000a\000m\000s\000\040\000a\000n\000d\000\040\000B\000r\000e\000a\000d\000b\000o\000a\000r\000d\000\040\000S\000e\000t\000u\000p}{section.6}% 24
\BOOKMARK [1][-]{section.7}{\376\377\000B\000i\000l\000l\000\040\000o\000f\000\040\000m\000a\000t\000e\000r\000i\000a\000l\000s}{}% 25
\BOOKMARK [1][-]{section.8}{\376\377\000M\000a\000n\000u\000f\000a\000c\000t\000u\000r\000i\000n\000g\000\040\000p\000r\000o\000c\000e\000s\000s}{}% 26
\BOOKMARK [2][-]{subsection.8.1}{\376\377\000P\000r\000o\000t\000o\000t\000y\000p\000e\000s}{section.8}% 27
\BOOKMARK [2][-]{subsection.8.2}{\376\377\000C\000h\000a\000s\000s\000i\000s}{section.8}% 28
\BOOKMARK [2][-]{subsection.8.3}{\376\377\000W\000h\000e\000e\000l\000\040\000h\000u\000b}{section.8}% 29
\BOOKMARK [2][-]{subsection.8.4}{\376\377\000W\000h\000e\000e\000l\000s}{section.8}% 30
\BOOKMARK [2][-]{subsection.8.5}{\376\377\000W\000a\000l\000l\000\040\000t\000a\000r\000g\000e\000t}{section.8}% 31
\BOOKMARK [2][-]{subsection.8.6}{\376\377\000C\000i\000r\000c\000u\000i\000t}{section.8}% 32
\BOOKMARK [1][-]{section.9}{\376\377\000F\000i\000n\000a\000l\000\040\000d\000e\000s\000i\000g\000n}{}% 33
\BOOKMARK [1][-]{section.10}{\376\377\000R\000e\000f\000e\000r\000e\000n\000c\000e\000s}{}% 34
